<?xml version="1.0" encoding="UTF-8"?>
<!-- Generated by org.testng.reporters.JUnitReportReporter -->
<testsuite skipped="0" hostname="preetika-w8" name="Test.Carloan" tests="1" failures="0" timestamp="23 Aug 2019 07:06:54 GMT" time="0.052" errors="0">
  <testcase name="Carloan_mobileLogin" time="0.052" classname="Test.Carloan"/>
</testsuite> <!-- Test.Carloan -->
