<?xml version="1.0" encoding="UTF-8"?>
<!-- Generated by org.testng.reporters.JUnitReportReporter -->
<testsuite skipped="0" hostname="preetika-w8" name="Test.Demo" tests="5" failures="0" timestamp="21 Aug 2019 07:05:38 GMT" time="0.073" errors="0">
  <testcase name="Mobile_Personal_signout" time="0.015" classname="Test.Demo"/>
  <testcase name="Personal_app" time="0.000" classname="Test.Demo"/>
  <testcase name="Mobile_Personal_home" time="0.026" classname="Test.Demo"/>
  <testcase name="Mobile_Personal_signin" time="0.016" classname="Test.Demo"/>
  <testcase name="Personal_login" time="0.016" classname="Test.Demo"/>
</testsuite> <!-- Test.Demo -->
