<?xml version="1.0" encoding="UTF-8"?>
<!-- Generated by org.testng.reporters.JUnitReportReporter -->
<testsuite skipped="0" hostname="preetika-w8" name="Test.PL1" tests="1" failures="0" timestamp="23 Aug 2019 07:06:54 GMT" time="0.047" errors="0">
  <testcase name="Personal_login" time="0.047" classname="Test.PL1"/>
</testsuite> <!-- Test.PL1 -->
